  main.cpp
  PathfindingDebugContent.cpp
  PathToMessage.cpp
  InputSystem.cpp
c:\users\tommy mann\documents\github\assignment2\gameai\pathfinding\game\inputsystem.cpp(117): warning C4806: '&': unsafe operation: no value of type 'bool' promoted to type 'int' can equal the given constant
  GridPathfinder.cpp
  GameMessageManager.cpp
  GameMessage.cpp
  GameApp.cpp
  DijkstraPathFinder.cpp
c:\users\tommy mann\documents\github\assignment2\gameai\pathfinding\game\dijkstrapathfinder.cpp(126): warning C4018: '<': signed/unsigned mismatch
c:\users\tommy mann\documents\github\assignment2\gameai\pathfinding\game\dijkstrapathfinder.cpp(138): warning C4018: '<': signed/unsigned mismatch
  DepthFirstPathfinder.cpp
  AStarPathFinder.cpp
c:\users\tommy mann\documents\github\assignment2\gameai\pathfinding\game\astarpathfinder.cpp(168): warning C4018: '<': signed/unsigned mismatch
c:\users\tommy mann\documents\github\assignment2\gameai\pathfinding\game\astarpathfinder.cpp(180): warning C4018: '<': signed/unsigned mismatch
c:\users\tommy mann\documents\github\assignment2\gameai\pathfinding\game\astarpathfinder.cpp(207): warning C4018: '<': signed/unsigned mismatch
c:\users\tommy mann\documents\github\assignment2\gameai\pathfinding\game\astarpathfinder.cpp(222): warning C4018: '<': signed/unsigned mismatch
  Generating Code...
  LINK : C:\Users\tommy mann\Documents\GitHub\Assignment2\GameAI\pathfinding\game\Debug\pathfinding.exe not found or not built by the last incremental link; performing full link
DeanLibDebug.lib(MemoryTracker.obj) : warning LNK4099: PDB 'DeanLib.pdb' was not found with 'DeanLibDebug.lib(MemoryTracker.obj)' or at 'C:\Users\tommy mann\Documents\GitHub\Assignment2\GameAI\pathfinding\game\Debug\DeanLib.pdb'; linking object as if no debug info
DeanLibDebug.lib(PerformanceTracker.obj) : warning LNK4099: PDB 'DeanLib.pdb' was not found with 'DeanLibDebug.lib(PerformanceTracker.obj)' or at 'C:\Users\tommy mann\Documents\GitHub\Assignment2\GameAI\pathfinding\game\Debug\DeanLib.pdb'; linking object as if no debug info
DeanLibDebug.lib(Timer.obj) : warning LNK4099: PDB 'DeanLib.pdb' was not found with 'DeanLibDebug.lib(Timer.obj)' or at 'C:\Users\tommy mann\Documents\GitHub\Assignment2\GameAI\pathfinding\game\Debug\DeanLib.pdb'; linking object as if no debug info
DeanLibDebug.lib(Trackable.obj) : warning LNK4099: PDB 'DeanLib.pdb' was not found with 'DeanLibDebug.lib(Trackable.obj)' or at 'C:\Users\tommy mann\Documents\GitHub\Assignment2\GameAI\pathfinding\game\Debug\DeanLib.pdb'; linking object as if no debug info
DeanLibDebug.lib(Vector2D.obj) : warning LNK4099: PDB 'DeanLib.pdb' was not found with 'DeanLibDebug.lib(Vector2D.obj)' or at 'C:\Users\tommy mann\Documents\GitHub\Assignment2\GameAI\pathfinding\game\Debug\DeanLib.pdb'; linking object as if no debug info
  pathfinding.vcxproj -> C:\Users\tommy mann\Documents\GitHub\Assignment2\GameAI\pathfinding\game\Debug\pathfinding.exe
  pathfinding.vcxproj -> C:\Users\tommy mann\Documents\GitHub\Assignment2\GameAI\pathfinding\game\Debug\pathfinding.pdb (Partial PDB)
